{"/Users/macbook/Documents/my_code/vue-jest/src/components/HelloWorld.vue": {"path":"/Users/macbook/Documents/my_code/vue-jest/src/components/HelloWorld.vue","statementMap":{"0":{"start":{"line":10,"column":0},"end":{"line":31,"column":null}},"1":{"start":{"line":1,"column":0},"end":{"line":1,"column":null}}},"fnMap":{"0":{"name":"(anonymous_4)","decl":{"start":{"line":1,"column":0},"end":{"line":1,"column":null}},"loc":{"start":{"line":1,"column":0},"end":{"line":1,"column":null}}}},"branchMap":{},"s":{"0":1,"1":21},"f":{"0":6},"b":{}}
}
